......................................                                   [100%]
=============================== tests coverage ================================
_______________ coverage: platform win32, python 3.10.0-final-0 _______________

Name                                          Stmts   Miss  Cover   Missing
---------------------------------------------------------------------------
app\agents\__init__.py                            2      2     0%   5-7
app\agents\sub_agents.py                        301    301     0%   13-715
app\api\__init__.py                               2      0   100%
app\api\agents.py                                10      3    70%   15, 44-46
app\api\deployment.py                           104     57    45%   42-59, 69-86, 97-105, 121-130, 139-144, 154-162, 171-172, 181-189, 200, 211-213, 224, 234, 245-246
app\api\health.py                                 9      0   100%
app\api\projects.py                             113     83    27%   47-115, 131-175, 181-213, 228-236
app\api\providers.py                             48     27    44%   23-46, 56-94, 100, 121-134
app\api\sandbox.py                               68     47    31%   22-34, 40-47, 53-70, 76-83, 89-96, 102-129
app\api\tracking.py                              17      6    65%   18, 34, 47-48, 54-55
app\api\workspace.py                            170    130    24%   34-36, 44-58, 79-87, 93-123, 129-151, 161-179, 185-232, 247-333, 345, 359-364
app\arbormind\__init__.py                         9      0   100%
app\arbormind\evolution.py                      169    102    40%   135-170, 223, 231-304, 374-415, 419-431, 435-447, 451-460, 495, 510, 526, 533
app\arbormind\explorer.py                        66     56    15%   46-113, 125-146, 151-160, 179-184, 206
app\arbormind\metrics_collector.py               41     29    29%   16-21, 25-44, 66-87, 97-123
app\arbormind\pipeline_metrics.py               136     94    31%   138-149, 159-208, 226-233, 247-300, 324-344, 353-362, 371-414, 427-454, 459-491, 496-515, 521-522
app\arbormind\router.py                         309     93    70%   149-151, 171-172, 192-194, 211, 242-247, 253-255, 263, 278-279, 285, 292-320, 356-358, 391-399, 578-579, 609, 625-628, 634-637, 646, 654-656, 674, 694-699, 722, 750-753, 764-769, 795-796, 813-814, 827-838, 852-861, 869-877
app\arbormind\t_am_operators.py                  24     10    58%   18-22, 27-29, 34-36
app\arbormind\v_synthesizer.py                   69      8    88%   23, 27, 30, 75, 92, 128-130
app\arbormind\v_value_schema.py                  27      0   100%
app\core\__init__.py                              5      0   100%
app\core\arbormind_paths.py                      14      3    79%   38, 43, 48
app\core\config.py                               72      1    99%   135
app\core\constants.py                            36      0   100%
app\core\exceptions.py                           39     18    54%   11-13, 24-30, 36-41, 47-51, 57-61, 68-72, 78-82
app\core\integration.py                          70     70     0%   6-164
app\core\logging.py                              60     45    25%   15-16, 33-40, 47-58, 65-77, 84-99
app\core\types.py                                76      6    92%   27, 40, 80, 85-87
app\db\__init__.py                               47     17    64%   31-32, 50-57, 75, 85, 95-99
app\handlers\__init__.py                         12      0   100%
app\handlers\analysis.py                         79     64    19%   34-35, 66-252
app\handlers\archetype_guidance.py               73     59    19%   510-525, 530-531, 536-537, 552-583, 956-970, 985-987, 1216-1232, 1267-1304, 1331-1348, 1771-1785
app\handlers\architecture.py                     88     73    17%   56-369
app\handlers\backend.py                         163    144    12%   47-143, 158-163, 185-379, 401-493
app\handlers\base.py                             17     10    41%   15-16, 30-31, 55-70
app\handlers\contracts.py                        78     62    21%   64-297
app\handlers\frontend_integration.py            109     92    16%   49-120, 142-384
app\handlers\frontend_mock.py                    93     75    19%   59-480
app\handlers\preview.py                          91     80    12%   35-178
app\handlers\refine.py                           95     80    16%   48-255
app\handlers\screenshot_verify.py               108     98     9%   50-361
app\handlers\testing_backend.py                 326    305     6%   60-76, 106-262, 291-424, 436-495, 516-1136
app\handlers\testing_frontend.py                307    287     7%   44-48, 70-205, 217-259, 282-911
app\learning\__init__.py                          4      0   100%
app\learning\failure_store.py                    82     35    57%   94-131, 170-172, 178-196
app\learning\pattern_store.py                   147     89    39%   113-182, 216, 230, 234-236, 250-281, 285-306, 310-311, 315-330, 349-382, 414-415, 420-421
app\learning\v_vector_store.py                  230    117    49%   173, 176-178, 199-218, 225-311, 345, 354-356, 407-408, 422, 428-461, 498-500, 530-600, 607-656, 697
app\lib\__init__.py                               2      0   100%
app\lib\file_system.py                          108     86    20%   37, 48-67, 70-75, 83-84, 88-90, 105-106, 113-123, 135-138, 146-205
app\lib\file_writer.py                           43     35    19%   49-109
app\lib\monitoring.py                            13      1    92%   20
app\lib\patch_engine.py                          33     33     0%   1-76
app\lib\patch_writer.py                          82     82     0%   5-149
app\lib\secrets.py                               74     74     0%   2-137
app\lib\websocket.py                             40     26    35%   22-26, 30-35, 38, 46-60, 66-68, 74
app\llm\__init__.py                               2      0   100%
app\llm\adapter.py                               58     38    34%   57, 73-89, 138-150, 166-213, 233
app\llm\prompt_management.py                    154    154     0%   7-619
app\llm\prompts\__init__.py                       5      0   100%
app\llm\prompts\derek.py                          2      0   100%
app\llm\prompts\luna.py                           2      0   100%
app\llm\prompts\marcus.py                         2      0   100%
app\llm\prompts\victoria.py                       1      0   100%
app\llm\providers\__init__.py                     2      2     0%   5-7
app\llm\providers\anthropic.py                   31     31     0%   5-81
app\llm\providers\gemini.py                      51     51     0%   5-110
app\llm\providers\ollama.py                      25     25     0%   5-73
app\llm\providers\openai.py                      30     30     0%   5-80
app\main.py                                      92     40    57%   66-90, 141-162, 189-200, 210
app\models\__init__.py                            3      0   100%
app\models\deployment.py                         20      0   100%
app\models\project.py                            15      0   100%
app\models\snapshot.py                           14      0   100%
app\models\workflow.py                           24      0   100%
app\orchestration\__init__.py                    10      0   100%
app\orchestration\artifact_contracts.py          70     46    34%   47-69, 73-92, 167-236
app\orchestration\artifact_types.py              15      1    93%   69
app\orchestration\backend_probe.py               97     97     0%   12-199
app\orchestration\budget_manager.py             163    106    35%   178-180, 188, 192-195, 199, 204, 209, 216, 230-258, 262, 279-296, 312-321, 325-326, 342-346, 375-377, 384-390, 395-396, 411-494
app\orchestration\checkpoint.py                  56     45    20%   32-50, 54-87, 91-103
app\orchestration\code_validator.py             166    166     0%   10-483
app\orchestration\context.py                    116     90    22%   84-137, 145-169, 201-221, 258, 262-265, 269, 273, 281-308, 312
app\orchestration\contract_parser.py             73     73     0%   10-172
app\orchestration\critical_step_barriers.py      28     28     0%   9-71
app\orchestration\error_router.py               119     25    79%   56, 60, 64-65, 69, 119, 152, 189-193, 240, 295, 376-394, 398, 402
app\orchestration\fallback_api_agent.py          16     10    38%   53-59, 72-82
app\orchestration\fallback_model_agent.py        14      8    43%   43-48, 61-67
app\orchestration\fallback_router_agent.py       14      8    43%   53-59, 72-78
app\orchestration\fast_orchestrator.py          368    308    16%   144-522, 531-580, 589-658, 666-676, 680-711, 719-776, 795-803
app\orchestration\file_persistence.py            60     60     0%   9-104
app\orchestration\heal_helpers.py                45     45     0%   8-155
app\orchestration\healing_pipeline.py           173    141    18%   47-114, 126-190, 198-260, 268-279, 283-293, 301, 305-309, 313-321
app\orchestration\healing_policy.py              95     95     0%   12-330
app\orchestration\llm_output_integrity.py        83     72    13%   30-45, 51-60, 66-94, 101-123, 135-154, 161-179
app\orchestration\prompt_adapter.py              34     25    26%   38, 42, 46, 50, 59-87, 104-131, 135-136
app\orchestration\router_utils.py                18     18     0%   12-94
app\orchestration\self_healing_manager.py       204    172    16%   84-87, 107-134, 144-214, 227-298, 311-386, 393-422, 429-435, 448-481, 488-490, 513-515, 547-558, 607-608, 612-614
app\orchestration\state.py                      111     64    42%   25-29, 34-35, 40-43, 51-59, 64-68, 73-74, 79-80, 94-109, 114-124, 129-131, 136-137, 142-144, 149-150, 155, 160, 165-172, 176, 180
app\orchestration\step_contracts.py              18     11    39%   81, 85, 89-92, 96-100
app\orchestration\structural_compiler.py         95     79    17%   32-36, 40-44, 50-57, 110-118, 122-131, 146-161, 170-185, 191-219, 226-230
app\orchestration\task_graph.py                  27     16    41%   58, 62, 66-67, 71-72, 76-80, 84-88
app\orchestration\token_policy.py                21     13    38%   158-205, 210-212, 217
app\orchestration\utils.py                       26     22    15%   13-28, 40-55
app\persistence\__init__.py                       3      0   100%
app\persistence\validator.py                    113    105     7%   24-53, 66-92, 100-122, 154-240
app\persistence\writer.py                        44     39    11%   30-97
app\sandbox\__init__.py                           7      7     0%   8-17
app\sandbox\health_monitor.py                    69     69     0%   6-136
app\sandbox\log_streamer.py                      47     47     0%   8-112
app\sandbox\pool.py                             141    141     0%   18-313
app\sandbox\preview_manager.py                   21     21     0%   6-57
app\sandbox\sandbox_config.py                    23     23     0%   6-62
app\sandbox\sandbox_manager.py                  277    277     0%   8-643
app\supervision\__init__.py                       3      0   100%
app\supervision\quality_gate.py                  28     19    32%   40-72, 77-78, 83, 88
app\supervision\supervisor.py                   370    352     5%   41-389, 405-421, 430-441, 454-481, 510-986
app\supervision\tiered_review.py                 99     99     0%   13-289
app\testing\__init__.py                           2      0   100%
app\testing\self_healing.py                     127    105    17%   30, 65-69, 77-90, 94-104, 108-113, 117-126, 130-149, 153-163, 173-188, 193, 245-271, 279-331, 377-423
app\tools\__init__.py                             2      0   100%
app\tools\implementations.py                    525    525     0%   17-1224
app\tools\registry.py                            64     54    16%   244, 249-250, 257-340, 344-345, 352-366
app\tracking\__init__.py                          0      0   100%
app\tracking\memory.py                           67     51    24%   16-21, 25-46, 57-76, 80-105, 112-115, 126-140, 148-149, 154-160
app\tracking\metrics.py                          17     17     0%   5-45
app\tracking\quality.py                          11      7    36%   18-24, 29-30
app\tracking\snapshots.py                        56     37    34%   30-43, 55-71, 76-77, 93-113
app\utils\__init__.py                             6      0   100%
app\utils\component_copier.py                    70     59    16%   40-66, 75-81, 92-141, 155-167
app\utils\dependency_fixer.py                    69     62    10%   17-53, 63-88, 107-167, 184-195
app\utils\entity_discovery.py                   188    169    10%   31-82, 86-96, 100-110, 118-144, 148-159, 163-172, 176-192, 207-214, 265-299, 312-342, 345-351, 360-361
app\utils\integration_playbooks.py               13     13     0%   3-58
app\utils\parser.py                             412    294    29%   31-72, 89-103, 108-208, 228, 240, 251-252, 254-255, 281, 307-333, 342-345, 370-372, 376-378, 382-384, 388, 420-421, 429-430, 439-444, 450-453, 472-473, 475-476, 478-482, 488-500, 520-597, 616-655, 661-687, 690, 696-732, 736, 742-752, 762-774
app\utils\path_utils.py                          34     19    44%   36, 41, 46, 51, 56, 61, 66, 71, 76, 85-90, 105-117
app\utils\ui_beautifier.py                       49     42    14%   29-65, 72-78, 86-99, 106-142, 159-164
app\validation\__init__.py                        5      0   100%
app\validation\syntax_validator.py              192    175     9%   31-34, 37, 40, 54-75, 89-147, 157-253, 266-297, 307-314, 330-360, 378-403
app\workflow\__init__.py                         18     11    39%   11-12, 14-15, 19-26
app\workflow\engine.py                          192    160    17%   106-179, 183-196, 209-211, 225-227, 241-244, 263-445, 458, 474-520
---------------------------------------------------------------------------
TOTAL                                         10842   8429    22%
38 passed in 1.73s

--- STDERR ---
<unknown>:1634: DeprecationWarning: invalid escape sequence '\+'
C:\Users\JARVIS\Desktop\Project GenCode\GenCode Studio\Backend\app\handlers\archetype_guidance.py:1634: DeprecationWarning: invalid escape sequence '\+'
  "project_management": """
<unknown>:129: DeprecationWarning: invalid escape sequence '\Z'
C:\Users\JARVIS\Desktop\Project GenCode\GenCode Studio\Backend\app\orchestration\llm_output_integrity.py:129: DeprecationWarning: invalid escape sequence '\Z'
  """
