============================= test session starts =============================
platform win32 -- Python 3.10.0, pytest-8.4.2, pluggy-1.6.0 -- C:\Program Files\Python310\python.exe
cachedir: .pytest_cache
rootdir: C:\Users\JARVIS\Desktop\Project GenCode\GenCode Studio\Backend
plugins: anyio-4.10.0, asyncio-1.3.0, cov-7.0.0, mock-3.15.1, langsmith-0.4.31
asyncio: mode=strict, debug=False, asyncio_default_fixture_loop_scope=None, asyncio_default_test_loop_scope=function
collecting ... collected 38 items

tests/test_am_error_router.py::TestErrorRouterEscalation::test_retry_0_uses_standard PASSED [  2%]
tests/test_am_error_router.py::TestErrorRouterEscalation::test_retry_1_uses_standard PASSED [  5%]
tests/test_am_error_router.py::TestErrorRouterEscalation::test_retry_2_triggers_eam PASSED [  7%]
tests/test_am_error_router.py::TestErrorRouterEscalation::test_retry_3_triggers_tam PASSED [ 10%]
tests/test_am_error_router.py::TestMutationOperators::test_drop_for_strict_errors PASSED [ 13%]
tests/test_am_error_router.py::TestMutationOperators::test_vary_for_timeout_errors PASSED [ 15%]
tests/test_am_error_router.py::TestMutationOperators::test_add_for_missing_errors PASSED [ 18%]
tests/test_am_error_router.py::TestMutationOperators::test_mutation_build_drop PASSED [ 21%]
tests/test_am_error_router.py::TestMutationOperators::test_mutation_build_vary PASSED [ 23%]
tests/test_am_error_router.py::TestMutationOperators::test_mutation_build_add PASSED [ 26%]
tests/test_am_integration.py::TestAMIntegration::test_full_error_escalation_flow PASSED [ 28%]
tests/test_am_integration.py::TestAMIntegration::test_settings_propagation PASSED [ 31%]
tests/test_am_router.py::TestCreativeAttention::test_standard_mode_sharp_attention PASSED [ 34%]
tests/test_am_router.py::TestCreativeAttention::test_combinational_mode_soft_blending PASSED [ 36%]
tests/test_am_router.py::TestCreativeAttention::test_entropy_calculation PASSED [ 39%]
tests/test_am_router.py::TestCreativeAttention::test_value_blending_output PASSED [ 42%]
tests/test_am_router.py::TestBlendValues::test_numeric_blend PASSED      [ 44%]
tests/test_am_router.py::TestBlendValues::test_string_winner_takes_all PASSED [ 47%]
tests/test_am_router.py::TestBlendValues::test_boolean_winner_takes_all PASSED [ 50%]
tests/test_am_router.py::TestBlendValues::test_missing_keys_handled PASSED [ 52%]
tests/test_am_router.py::TestBlendValues::test_empty_values_list PASSED  [ 55%]
tests/test_am_router.py::TestModeDetection::test_high_entropy_suggests_combinational PASSED [ 57%]
tests/test_am_router.py::TestModeDetection::test_low_entropy_suggests_standard PASSED [ 60%]
tests/test_attention_unit.py::test_attention_routing_exact_match PASSED  [ 63%]
tests/test_attention_unit.py::test_attention_value_synthesis PASSED      [ 65%]
tests/test_attention_unit.py::test_mixed_value_types PASSED              [ 68%]
tests/test_health.py::test_healthz PASSED                                [ 71%]
tests/test_health.py::test_api_health PASSED                             [ 73%]
tests/test_smoke.py::test_workflow_basic_initialization PASSED           [ 76%]
tests/test_smoke.py::test_fast_orchestrator_initialization PASSED        [ 78%]
tests/test_smoke.py::test_llm_adapter_initialization PASSED              [ 81%]
tests/test_smoke.py::test_database_connection_graceful_failure PASSED    [ 84%]
tests/test_smoke.py::test_websocket_manager_basic_operations PASSED      [ 86%]
tests/test_smoke.py::test_config_loading PASSED                          [ 89%]
tests/test_smoke.py::test_constants_and_types PASSED                     [ 92%]
tests/test_smoke.py::test_attention_router_embeddings_fallback PASSED    [ 94%]
tests/test_smoke.py::test_parser_sanitization PASSED                     [ 97%]
tests/test_smoke.py::test_exception_handling_improvement PASSED          [100%]

============================= 38 passed in 0.73s ==============================

--- STDERR ---
